2024-10-23 23:46:51,655 - DEBUG - Starting the installer GUI script
2024-10-23 23:46:51,656 - DEBUG - Creating main GUI window
2024-10-23 23:46:51,693 - DEBUG - Adding install directory input field
2024-10-23 23:46:51,693 - DEBUG - Adding executable path input field
2024-10-23 23:46:51,693 - DEBUG - Adding install button
2024-10-23 23:46:51,693 - DEBUG - Adding test button
2024-10-23 23:46:51,693 - DEBUG - Starting main GUI loop
2024-10-23 23:46:53,332 - DEBUG - Starting run_installer with install_dir=C:\upp\jimmy, executable_path=C:\upp\ui branch\FilePromtForge01\gpt_processor_main.py
2024-10-23 23:46:53,333 - DEBUG - Running command: ['python', 'gpt_processor_installer.py', '--install_dir', 'C:\\upp\\jimmy', '--main_executable', 'C:\\upp\\ui branch\\FilePromtForge01\\gpt_processor_main.py']
2024-10-23 23:46:53,424 - DEBUG - Command output: 
2024-10-23 23:46:53,424 - DEBUG - Command error (if any): 2024-10-23 23:46:53,424 - INFO - Installation Directory: C:\upp\jimmy
2024-10-23 23:46:53,424 - INFO - Created necessary directories.
2024-10-23 23:46:53,424 - INFO - Default prompt file already exists at 'C:\upp\jimmy\prompts\standard_prompt.txt'.
2024-10-23 23:46:53,424 - INFO - Copied main executable to 'C:\upp\jimmy'.
2024-10-23 23:46:53,424 - INFO - GPT Processor installation completed successfully.
INFO:gpt_processor_installer:GPT Processor installation completed successfully.

2024-10-23 23:46:55,511 - DEBUG - Starting run_test with install_dir=C:\upp\jimmy, executable_path=C:\upp\ui branch\FilePromtForge01\gpt_processor_main.py, prompt_file=C:\upp\jimmy\prompts\standard_prompt.txt, output_dir=C:\upp\jimmy\output
2024-10-23 23:46:55,511 - DEBUG - Running test command: ['python', 'C:\\upp\\ui branch\\FilePromtForge01\\gpt_processor_main.py', '--config', 'C:\\upp\\jimmy\\default_config.yaml', '--prompt', 'C:\\upp\\jimmy\\prompts\\standard_prompt.txt']
2024-10-23 23:46:56,681 - DEBUG - Test command output: 
2024-10-23 23:46:56,681 - DEBUG - Test command error (if any): 2024-10-23 23:46:56,604 - gpt_processor - INFO - No input files found. Exiting.

2024-10-23 23:50:57,190 - DEBUG - Starting run_test with install_dir=C:\upp\jimmy, executable_path=C:\upp\ui branch\FilePromtForge01\gpt_processor_main.py, prompt_file=C:\upp\jimmy\prompts\standard_prompt.txt, output_dir=C:\upp\jimmy\output
2024-10-23 23:50:57,190 - DEBUG - Running test command: ['python', 'C:\\upp\\ui branch\\FilePromtForge01\\gpt_processor_main.py', '--config', 'C:\\upp\\jimmy\\default_config.yaml', '--prompt', 'C:\\upp\\jimmy\\prompts\\standard_prompt.txt']
2024-10-23 23:50:58,346 - DEBUG - Test command output: 
2024-10-23 23:50:58,346 - DEBUG - Test command error (if any): 
