2024-10-23 22:30:34,991 - DEBUG - Starting the installer GUI script
2024-10-23 22:30:34,992 - DEBUG - Creating main GUI window
2024-10-23 22:30:35,036 - DEBUG - Adding install directory input field
2024-10-23 22:30:35,037 - DEBUG - Adding executable path input field
2024-10-23 22:30:35,038 - DEBUG - Adding install button
2024-10-23 22:30:35,038 - DEBUG - Adding test button
2024-10-23 22:30:35,038 - DEBUG - Starting main GUI loop
2024-10-23 22:30:49,969 - DEBUG - Starting run_installer with install_dir=C:\upp\jimmy, executable_path=C:\upp\ui branch\FilePromtForge01\gpt_processor_main.py
2024-10-23 22:30:49,969 - DEBUG - Running command: ['python', 'gpt_processor_installer.py', '--install_dir', 'C:\\upp\\jimmy', '--main_executable', 'C:\\upp\\ui branch\\FilePromtForge01\\gpt_processor_main.py']
2024-10-23 22:30:50,078 - DEBUG - Command output: 
2024-10-23 22:30:50,078 - DEBUG - Command error (if any): 2024-10-23 22:30:50,078 - INFO - Installation Directory: C:\upp\jimmy
2024-10-23 22:30:50,078 - INFO - Created necessary directories.
2024-10-23 22:30:50,078 - INFO - Created default prompt file at 'C:\upp\jimmy\prompts\standard_prompt.txt'.
2024-10-23 22:30:50,078 - INFO - Copied main executable to 'C:\upp\jimmy'.
2024-10-23 22:30:50,078 - INFO - GPT Processor installation completed successfully.
INFO:gpt_processor_installer:GPT Processor installation completed successfully.

2024-10-23 22:30:53,672 - DEBUG - Starting run_test with install_dir=C:\upp\jimmy, executable_path=C:\upp\ui branch\FilePromtForge01\gpt_processor_main.py, prompt_file=C:\upp\jimmy\prompts\standard_prompt.txt, output_dir=C:\upp\jimmy\output
2024-10-23 22:30:53,688 - DEBUG - Running test command: ['python', 'C:\\upp\\ui branch\\FilePromtForge01\\gpt_processor_main.py', '--config', 'C:\\upp\\jimmy\\default_config.yaml', '--prompt_file', 'C:\\upp\\jimmy\\prompts\\standard_prompt.txt']
2024-10-23 22:30:55,016 - ERROR - Test failed: Command '['python', 'C:\\upp\\ui branch\\FilePromtForge01\\gpt_processor_main.py', '--config', 'C:\\upp\\jimmy\\default_config.yaml', '--prompt_file', 'C:\\upp\\jimmy\\prompts\\standard_prompt.txt']' returned non-zero exit status 2.
2024-10-23 22:30:55,016 - DEBUG - Test command output: 
2024-10-23 22:30:55,016 - DEBUG - Test command error: usage: gpt_processor_main.py [-h] [--config CONFIG]
gpt_processor_main.py: error: unrecognized arguments: --prompt_file C:\upp\jimmy\prompts\standard_prompt.txt

